[2017-10-22 00:24:06 CST] [main] [] -[错误] 【获取 AndroidDriver 失败！】
[2017-10-22 00:33:50 CST] [main] [] -[信息] 【水平划动】 ： ( 1000 , 1000 : 100 , 1000 ) 
[2017-10-22 00:41:57 CST] [main] [] -[信息] 【水平划动】 ： ( 1000 , 1000 : 100 , 1000 ) 
[2017-10-22 00:43:53 CST] [main] [] -[信息] 【水平划动】 ： ( 1000 , 1000 : 100 , 1000 ) 
[2017-10-22 00:43:57 CST] [main] [] -[信息] 【水平划动】 ： ( 1000 , 1000 : 100 , 1000 ) 
[2017-10-22 00:44:02 CST] [main] [] -[信息] 【点击坐标】 ： ( 314 , 1671 )
[2017-10-22 00:44:06 CST] [main] [] -[信息] 【点击坐标】 ： ( 527 , 1149 )
[2017-10-22 00:44:11 CST] [main] [] -[信息] 【点击坐标】 ： ( 783 , 1686 )
[2017-10-22 00:44:15 CST] [main] [] -[信息] 【点击坐标】 ： ( 783 , 1686 )
[2017-10-22 00:44:19 CST] [main] [] -[信息] 【点击坐标】 ： ( 783 , 1686 )
[2017-10-22 00:44:26 CST] [main] [] -[信息] 【读取】 ：MainAty
[2017-10-22 00:44:26 CST] [main] [] -[信息] 【读取】 ：MainAty
[2017-10-22 00:44:31 CST] [main] [] -[信息] 【点击】 ： 关闭红包
[2017-10-22 00:44:31 CST] [main] [] -[信息] 【读取】 ：MainAty
[2017-10-22 00:44:34 CST] [main] [] -[信息] 【点击】 ： 我的本来
[2017-10-22 00:46:23 CST] [main] [] -[信息] 【水平划动】 ： ( 1000 , 1000 : 100 , 1000 ) 
[2017-10-22 00:46:28 CST] [main] [] -[信息] 【水平划动】 ： ( 1000 , 1000 : 100 , 1000 ) 
[2017-10-22 00:46:32 CST] [main] [] -[信息] 【点击坐标】 ： ( 314 , 1671 )
[2017-10-22 00:46:37 CST] [main] [] -[信息] 【点击坐标】 ： ( 527 , 1149 )
[2017-10-22 00:46:41 CST] [main] [] -[信息] 【点击坐标】 ： ( 783 , 1686 )
[2017-10-22 00:46:46 CST] [main] [] -[信息] 【点击坐标】 ： ( 783 , 1686 )
[2017-10-22 00:46:50 CST] [main] [] -[信息] 【点击坐标】 ： ( 783 , 1686 )
[2017-10-22 00:46:57 CST] [main] [] -[信息] 【读取】 ：MainAty
[2017-10-22 00:46:57 CST] [main] [] -[信息] 【读取】 ：MainAty
[2017-10-22 00:47:03 CST] [main] [] -[信息] 【点击】 ： 关闭红包
[2017-10-22 00:47:03 CST] [main] [] -[信息] 【读取】 ：MainAty
[2017-10-22 00:47:06 CST] [main] [] -[信息] 【点击】 ： 我的本来
[2017-10-22 00:50:12 CST] [main] [] -[信息] 【水平划动】 ： ( 1000 , 1000 : 100 , 1000 ) 
[2017-10-22 00:51:04 CST] [main] [] -[信息] 【水平划动】 ： ( 1000 , 1000 : 100 , 1000 ) 
[2017-10-22 11:49:52 CST] [main] [] -[信息] 【水平划动】 ： ( 1000 , 1000 : 100 , 1000 ) 
[2017-10-22 11:49:56 CST] [main] [] -[信息] 【水平划动】 ： ( 1000 , 1000 : 100 , 1000 ) 
[2017-10-22 11:50:01 CST] [main] [] -[信息] 【点击坐标】 ： ( 314 , 1671 )
[2017-10-22 11:50:05 CST] [main] [] -[信息] 【点击坐标】 ： ( 527 , 1149 )
[2017-10-22 11:50:09 CST] [main] [] -[信息] 【点击坐标】 ： ( 783 , 1686 )
[2017-10-22 11:50:13 CST] [main] [] -[信息] 【点击坐标】 ： ( 783 , 1686 )
[2017-10-22 11:50:18 CST] [main] [] -[信息] 【点击坐标】 ： ( 783 , 1686 )
[2017-10-22 11:50:24 CST] [main] [] -[信息] 【读取】 ：MainAty
[2017-10-22 11:50:25 CST] [main] [] -[信息] 【读取】 ：MainAty
[2017-10-22 11:50:29 CST] [main] [] -[信息] 【点击】 ： 关闭红包
[2017-10-22 11:50:29 CST] [main] [] -[信息] 【读取】 ：MainAty
[2017-10-22 11:50:32 CST] [main] [] -[信息] 【点击】 ： 我的本来
[2017-10-22 12:00:09 CST] [main] [] -[信息] qqqqqqq
[2017-10-22 12:37:44 CST] [main] [] -[信息] 日志+报表
[2017-10-22 13:12:45 CST] [main] [] -[信息] 日志+报表
[2017-10-22 13:31:35 CST] [main] [] -[信息] 日志+报表
[2017-10-22 13:33:45 CST] [main] [] -[信息] 【水平划动】 ： ( 1000 , 1000 : 100 , 1000 ) 
[2017-10-22 13:33:49 CST] [main] [] -[信息] 【水平划动】 ： ( 1000 , 1000 : 100 , 1000 ) 
[2017-10-22 13:33:54 CST] [main] [] -[信息] 【点击坐标】 ： ( 314 , 1671 )
[2017-10-22 13:33:58 CST] [main] [] -[信息] 【点击坐标】 ： ( 527 , 1149 )
[2017-10-22 13:34:02 CST] [main] [] -[信息] 【点击坐标】 ： ( 783 , 1686 )
[2017-10-22 13:34:07 CST] [main] [] -[信息] 【点击坐标】 ： ( 783 , 1686 )
[2017-10-22 13:34:11 CST] [main] [] -[信息] 【点击坐标】 ： ( 783 , 1686 )
[2017-10-22 16:16:03 CST] [main] [] -[信息] 【水平划动】 ： ( 1000 , 1000 : 100 , 1000 ) 
[2017-10-22 16:17:50 CST] [main] [] -[信息] 【水平划动】 ： ( 1000 , 1000 : 100 , 1000 ) 
[2017-10-22 16:19:18 CST] [main] [] -[信息] 【水平划动】 ： ( 1000 , 1000 : 100 , 1000 ) 
[2017-10-22 16:20:52 CST] [main] [] -[信息] 【水平划动】 ： ( 1000 , 1000 : 100 , 1000 ) 
[2017-10-22 16:26:15 CST] [main] [] -[信息] 【水平划动】 ： ( 1000 , 1000 : 100 , 1000 ) 
[2017-10-22 16:32:35 CST] [main] [] -[信息] 【水平划动】 ： ( 1000 , 1000 : 100 , 1000 ) 
[2017-10-22 16:34:50 CST] [main] [] -[信息] 【水平划动】 ： ( 1000 , 1000 : 100 , 1000 ) 
[2017-10-22 16:34:55 CST] [main] [] -[信息] 【水平划动】 ： ( 1000 , 1000 : 100 , 1000 ) 
[2017-10-22 16:34:59 CST] [main] [] -[信息] 【点击坐标】 ： ( 314 , 1671 )
[2017-10-22 16:35:04 CST] [main] [] -[信息] 【点击坐标】 ： ( 527 , 1149 )
[2017-10-22 16:35:08 CST] [main] [] -[信息] 【点击坐标】 ： ( 783 , 1686 )
[2017-10-22 16:35:13 CST] [main] [] -[信息] 【点击坐标】 ： ( 783 , 1686 )
[2017-10-22 16:35:17 CST] [main] [] -[信息] 【点击坐标】 ： ( 783 , 1686 )
[2017-10-22 18:10:04 CST] [main] [] -[信息] 【水平划动】 ： ( 1000 , 1000 : 100 , 1000 ) 
[2017-10-22 18:10:09 CST] [main] [] -[信息] 【水平划动】 ： ( 1000 , 1000 : 100 , 1000 ) 
[2017-10-22 18:10:13 CST] [main] [] -[信息] 【点击坐标】 ： ( 314 , 1671 )
[2017-10-22 18:10:17 CST] [main] [] -[信息] 【点击坐标】 ： ( 527 , 1149 )
[2017-10-22 18:10:21 CST] [main] [] -[信息] 【点击坐标】 ： ( 783 , 1686 )
[2017-10-22 18:10:26 CST] [main] [] -[信息] 【点击坐标】 ： ( 783 , 1686 )
[2017-10-22 18:10:30 CST] [main] [] -[信息] 【点击坐标】 ： ( 783 , 1686 )
